<?xml version="1.0" encoding="UTF-8"?>
<!-- Generated by org.testng.reporters.JUnitXMLReporter -->
<testsuite ignored="0" hostname="LAPTOP-Q7SUM0FV" failures="0" tests="5" name="MyTests" time="11.018" errors="0" timestamp="2025-03-10T12:36:44 IST">
  <testcase classname="com.aryan.DatabaseConnectionTest" name="testDatabaseConnection" time="0.505"/>
  <testcase classname="com.aryan.SignupServletTest" name="testSignup" time="2.021"/>
  <testcase classname="com.aryan.LoginServletTest" name="testLoginSuccess" time="0.204"/>
  <testcase classname="io.cucumber.testng.AbstractTestNGCucumberTests" name="runScenario" time="5.844"/>
  <testcase classname="io.cucumber.testng.AbstractTestNGCucumberTests" name="runScenario" time="1.573"/>
</testsuite> <!-- MyTests -->
