<?xml version="1.0" encoding="UTF-8"?>
<!-- Generated by org.testng.reporters.JUnitXMLReporter -->
<testsuite ignored="0" hostname="LAPTOP-Q7SUM0FV" failures="0" tests="5" name="MyTests" time="7.139" errors="0" timestamp="2025-03-10T17:32:38 IST">
  <testcase classname="com.aryan.DatabaseConnectionTest" name="testDatabaseConnection" time="0.629"/>
  <testcase classname="com.aryan.SignupServletTest" name="testSignup" time="1.741"/>
  <testcase classname="com.aryan.LoginServletTest" name="testLoginSuccess" time="0.199"/>
  <testcase classname="io.cucumber.testng.AbstractTestNGCucumberTests" name="runScenario" time="2.501"/>
  <testcase classname="io.cucumber.testng.AbstractTestNGCucumberTests" name="runScenario" time="1.264"/>
</testsuite> <!-- MyTests -->
